<?xml version="1.0" encoding="UTF-8"?>
<testng-results skipped="0" failed="0" total="1" passed="1">
  <reporter-output>
  </reporter-output>
  <suite name="Suite" duration-ms="73" started-at="2016-03-27T14:08:43Z" finished-at="2016-03-27T14:08:43Z">
    <groups>
    </groups>
    <test name="Test" duration-ms="73" started-at="2016-03-27T14:08:43Z" finished-at="2016-03-27T14:08:43Z">
      <class name="jenkinsDemo.NewTest">
        <test-method status="PASS" signature="beforeMethod()[pri:0, instance:jenkinsDemo.NewTest@1888ff2c]" name="beforeMethod" is-config="true" duration-ms="24" started-at="2016-03-28T00:08:43Z" finished-at="2016-03-28T00:08:43Z">
          <reporter-output>
          </reporter-output>
        </test-method> <!-- beforeMethod -->
        <test-method status="PASS" signature="f()[pri:0, instance:jenkinsDemo.NewTest@1888ff2c]" name="f" duration-ms="2" started-at="2016-03-28T00:08:43Z" finished-at="2016-03-28T00:08:43Z">
          <reporter-output>
          </reporter-output>
        </test-method> <!-- f -->
        <test-method status="PASS" signature="afterMethod()[pri:0, instance:jenkinsDemo.NewTest@1888ff2c]" name="afterMethod" is-config="true" duration-ms="0" started-at="2016-03-28T00:08:43Z" finished-at="2016-03-28T00:08:43Z">
          <reporter-output>
          </reporter-output>
        </test-method> <!-- afterMethod -->
      </class> <!-- jenkinsDemo.NewTest -->
    </test> <!-- Test -->
  </suite> <!-- Suite -->
</testng-results>
